# JRE version: OpenJDK Runtime Environment Microsoft-8035246 (17.0.8+7) (build 17.0.8+7-LTS)
# Java VM: OpenJDK 64-Bit Server VM Microsoft-8035246 (17.0.8+7-LTS, mixed mode, sharing, tiered, compressed oops, compressed class ptrs, g1 gc, windows-amd64)
GC Precious Log:
 CPUs: 4 total, 4 available
 Memory: 8071M
 Large Page Support: Disabled
 NUMA Support: Disabled
 Compressed Oops: Enabled (32-bit)
 Heap Region Size: 1M
 Heap Min Capacity: 8M
 Heap Initial Capacity: 128M
 Heap Max Capacity: 2G
 Pre-touch: Disabled
 Parallel Workers: 4
 Concurrent Workers: 1
 Concurrent Refinement Workers: 4
 Periodic GC: Disabled
Heap:
 garbage-first heap   total 285696K, used 197215K [0x0000000080000000, 0x0000000100000000)
  region size 1024K, 28 young (28672K), 8 survivors (8192K)
 Metaspace       used 113157K, committed 114112K, reserved 557056K
  class space    used 15289K, committed 15744K, reserved 425984K
GC Heap History (20 events):
Event: 77.552 GC heap before
{Heap before GC invocations=68 (full 0):
 garbage-first heap   total 203776K, used 179047K [0x0000000080000000, 0x0000000100000000)
  region size 1024K, 19 young (19456K), 3 survivors (3072K)
 Metaspace       used 106610K, committed 107520K, reserved 557056K
  class space    used 14655K, committed 15104K, reserved 425984K
}
Event: 77.561 GC heap after
{Heap after GC invocations=69 (full 0):
 garbage-first heap   total 203776K, used 162003K [0x0000000080000000, 0x0000000100000000)
  region size 1024K, 2 young (2048K), 2 survivors (2048K)
 Metaspace       used 106610K, committed 107520K, reserved 557056K
  class space    used 14655K, committed 15104K, reserved 425984K
}
Event: 77.982 GC heap before
{Heap before GC invocations=69 (full 0):
 garbage-first heap   total 203776K, used 180435K [0x0000000080000000, 0x0000000100000000)
  region size 1024K, 18 young (18432K), 2 survivors (2048K)
 Metaspace       used 106711K, committed 107648K, reserved 557056K
  class space    used 14667K, committed 15104K, reserved 425984K
}
Event: 77.989 GC heap after
{Heap after GC invocations=70 (full 0):
 garbage-first heap   total 203776K, used 163472K [0x0000000080000000, 0x0000000100000000)
  region size 1024K, 3 young (3072K), 3 survivors (3072K)
 Metaspace       used 106711K, committed 107648K, reserved 557056K
  class space    used 14667K, committed 15104K, reserved 425984K
}
Event: 78.166 GC heap before
{Heap before GC invocations=70 (full 0):
 garbage-first heap   total 203776K, used 179856K [0x0000000080000000, 0x0000000100000000)
  region size 1024K, 18 young (18432K), 3 survivors (3072K)
 Metaspace       used 106711K, committed 107648K, reserved 557056K
  class space    used 14667K, committed 15104K, reserved 425984K
}
Event: 78.173 GC heap after
{Heap after GC invocations=71 (full 0):
 garbage-first heap   total 203776K, used 162504K [0x0000000080000000, 0x0000000100000000)
  region size 1024K, 2 young (2048K), 2 survivors (2048K)
 Metaspace       used 106711K, committed 107648K, reserved 557056K
  class space    used 14667K, committed 15104K, reserved 425984K
}
Event: 78.390 GC heap before
{Heap before GC invocations=71 (full 0):
 garbage-first heap   total 203776K, used 170696K [0x0000000080000000, 0x0000000100000000)
  region size 1024K, 9 young (9216K), 2 survivors (2048K)
 Metaspace       used 106711K, committed 107648K, reserved 557056K
  class space    used 14667K, committed 15104K, reserved 425984K
}
Event: 78.395 GC heap after
{Heap after GC invocations=72 (full 0):
 garbage-first heap   total 203776K, used 164797K [0x0000000080000000, 0x0000000100000000)
  region size 1024K, 2 young (2048K), 2 survivors (2048K)
 Metaspace       used 106711K, committed 107648K, reserved 557056K
  class space    used 14667K, committed 15104K, reserved 425984K
}
Event: 78.664 GC heap before
{Heap before GC invocations=72 (full 0):
 garbage-first heap   total 203776K, used 179133K [0x0000000080000000, 0x0000000100000000)
  region size 1024K, 15 young (15360K), 2 survivors (2048K)
 Metaspace       used 106718K, committed 107648K, reserved 557056K
  class space    used 14667K, committed 15104K, reserved 425984K
}
Event: 78.671 GC heap after
{Heap after GC invocations=73 (full 0):
 garbage-first heap   total 244736K, used 163882K [0x0000000080000000, 0x0000000100000000)
  region size 1024K, 2 young (2048K), 2 survivors (2048K)
 Metaspace       used 106718K, committed 107648K, reserved 557056K
  class space    used 14667K, committed 15104K, reserved 425984K
}
Event: 80.678 GC heap before
{Heap before GC invocations=74 (full 0):
 garbage-first heap   total 285696K, used 208938K [0x0000000080000000, 0x0000000100000000)
  region size 1024K, 43 young (44032K), 2 survivors (2048K)
 Metaspace       used 106826K, committed 107840K, reserved 557056K
  class space    used 14673K, committed 15168K, reserved 425984K
}
Event: 80.691 GC heap after
{Heap after GC invocations=75 (full 0):
 garbage-first heap   total 285696K, used 166683K [0x0000000080000000, 0x0000000100000000)
  region size 1024K, 5 young (5120K), 5 survivors (5120K)
 Metaspace       used 106826K, committed 107840K, reserved 557056K
  class space    used 14673K, committed 15168K, reserved 425984K
}
Event: 80.795 GC heap before
{Heap before GC invocations=75 (full 0):
 garbage-first heap   total 285696K, used 173851K [0x0000000080000000, 0x0000000100000000)
  region size 1024K, 13 young (13312K), 5 survivors (5120K)
 Metaspace       used 106856K, committed 107840K, reserved 557056K
  class space    used 14678K, committed 15168K, reserved 425984K
}
Event: 80.810 GC heap after
{Heap after GC invocations=76 (full 0):
 garbage-first heap   total 285696K, used 166382K [0x0000000080000000, 0x0000000100000000)
  region size 1024K, 1 young (1024K), 1 survivors (1024K)
 Metaspace       used 106856K, committed 107840K, reserved 557056K
  class space    used 14678K, committed 15168K, reserved 425984K
}
Event: 82.591 GC heap before
{Heap before GC invocations=76 (full 0):
 garbage-first heap   total 285696K, used 247278K [0x0000000080000000, 0x0000000100000000)
  region size 1024K, 73 young (74752K), 1 survivors (1024K)
 Metaspace       used 107018K, committed 107968K, reserved 557056K
  class space    used 14700K, committed 15168K, reserved 425984K
}
Event: 82.621 GC heap after
{Heap after GC invocations=77 (full 0):
 garbage-first heap   total 285696K, used 170382K [0x0000000080000000, 0x0000000100000000)
  region size 1024K, 5 young (5120K), 5 survivors (5120K)
 Metaspace       used 107018K, committed 107968K, reserved 557056K
  class space    used 14700K, committed 15168K, reserved 425984K
}
Event: 86.280 GC heap before
{Heap before GC invocations=77 (full 0):
 garbage-first heap   total 285696K, used 245134K [0x0000000080000000, 0x0000000100000000)
  region size 1024K, 75 young (76800K), 5 survivors (5120K)
 Metaspace       used 108579K, committed 109568K, reserved 557056K
  class space    used 14894K, committed 15360K, reserved 425984K
}
Event: 86.308 GC heap after
{Heap after GC invocations=78 (full 0):
 garbage-first heap   total 285696K, used 174946K [0x0000000080000000, 0x0000000100000000)
  region size 1024K, 10 young (10240K), 10 survivors (10240K)
 Metaspace       used 108579K, committed 109568K, reserved 557056K
  class space    used 14894K, committed 15360K, reserved 425984K
}
Event: 465.364 GC heap before
{Heap before GC invocations=78 (full 0):
 garbage-first heap   total 285696K, used 241506K [0x0000000080000000, 0x0000000100000000)
  region size 1024K, 76 young (77824K), 10 survivors (10240K)
 Metaspace       used 112998K, committed 113984K, reserved 557056K
  class space    used 15285K, committed 15744K, reserved 425984K
}
Event: 466.343 GC heap after
{Heap after GC invocations=79 (full 0):
 garbage-first heap   total 285696K, used 177759K [0x0000000080000000, 0x0000000100000000)
  region size 1024K, 8 young (8192K), 8 survivors (8192K)
 Metaspace       used 112998K, committed 113984K, reserved 557056K
  class space    used 15285K, committed 15744K, reserved 425984K
}

